<?xml version="1.0" encoding="UTF-8" ?>
<testsuite errors="0" failures="0" hostname="MacKico.local" name="itexto.odfeasy.spreadsheet.SpreadsheetDocumentTest" tests="1" time="5.061" timestamp="2008-09-28T21:14:53">
  <properties>
    <property name="java.runtime.name" value="Java(TM) 2 Runtime Environment, Standard Edition" />
    <property name="sun.boot.library.path" value="/System/Library/Frameworks/JavaVM.framework/Versions/1.5.0/Libraries" />
    <property name="java.vm.version" value="1.5.0_13-119" />
    <property name="awt.nativeDoubleBuffering" value="true" />
    <property name="gopherProxySet" value="false" />
    <property name="java.vm.vendor" value="Apple Inc." />
    <property name="java.vendor.url" value="http://www.apple.com/" />
    <property name="path.separator" value=":" />
    <property name="java.vm.name" value="Java HotSpot(TM) Client VM" />
    <property name="file.encoding.pkg" value="sun.io" />
    <property name="user.country" value="BR" />
    <property name="sun.java.launcher" value="SUN_STANDARD" />
    <property name="sun.os.patch.level" value="unknown" />
    <property name="java.vm.specification.name" value="Java Virtual Machine Specification" />
    <property name="user.dir" value="/Users/henriqueloboweissmann/Documents/Projetos/ODFEasy" />
    <property name="java.runtime.version" value="1.5.0_13-b05-237" />
    <property name="java.awt.graphicsenv" value="apple.awt.CGraphicsEnvironment" />
    <property name="java.endorsed.dirs" value="/System/Library/Frameworks/JavaVM.framework/Versions/1.5.0/Home/lib/endorsed" />
    <property name="os.arch" value="i386" />
    <property name="java.io.tmpdir" value="/tmp" />
    <property name="line.separator" value="
" />
    <property name="java.vm.specification.vendor" value="Sun Microsystems Inc." />
    <property name="os.name" value="Mac OS X" />
    <property name="sun.jnu.encoding" value="MacRoman" />
    <property name="java.library.path" value=".:/Library/Java/Extensions:/System/Library/Java/Extensions:/usr/lib/java" />
    <property name="java.specification.name" value="Java Platform API Specification" />
    <property name="java.class.version" value="49.0" />
    <property name="sun.management.compiler" value="HotSpot Client Compiler" />
    <property name="os.version" value="10.5.4" />
    <property name="http.nonProxyHosts" value="local|*.local|169.254/16|*.169.254/16" />
    <property name="user.home" value="/Users/henriqueloboweissmann" />
    <property name="user.timezone" value="" />
    <property name="java.awt.printerjob" value="apple.awt.CPrinterJob" />
    <property name="file.encoding" value="MacRoman" />
    <property name="java.specification.version" value="1.5" />
    <property name="user.name" value="henriqueloboweissmann" />
    <property name="java.class.path" value="/Applications/NetBeans/NetBeans 6.1.app/Contents/Resources/NetBeans/java2/ant/lib/ant.jar:/Applications/NetBeans/NetBeans 6.1.app/Contents/Resources/NetBeans/java2/ant/lib/ant-junit.jar:/Users/henriqueloboweissmann/Documents/Projetos/odfdom/dist/odfdom.jar:/Users/henriqueloboweissmann/Documents/Projetos/odfdom/lib/xercesImpl.jar:/Users/henriqueloboweissmann/Documents/Projetos/ODFEasy/build/classes:/Applications/NetBeans/NetBeans 6.1.app/Contents/Resources/NetBeans/java2/modules/ext/junit-4.1.jar:/Users/henriqueloboweissmann/Documents/Projetos/ODFEasy/build/test/classes" />
    <property name="java.vm.specification.version" value="1.0" />
    <property name="sun.arch.data.model" value="32" />
    <property name="java.home" value="/System/Library/Frameworks/JavaVM.framework/Versions/1.5.0/Home" />
    <property name="java.specification.vendor" value="Sun Microsystems Inc." />
    <property name="user.language" value="pt" />
    <property name="awt.toolkit" value="apple.awt.CToolkit" />
    <property name="java.vm.info" value="mixed mode" />
    <property name="java.version" value="1.5.0_13" />
    <property name="java.ext.dirs" value="/Library/Java/Extensions:/System/Library/Java/Extensions:/System/Library/Frameworks/JavaVM.framework/Versions/1.5.0/Home/lib/ext" />
    <property name="sun.boot.class.path" value="/System/Library/Frameworks/JavaVM.framework/Versions/1.5.0/Classes/classes.jar:/System/Library/Frameworks/JavaVM.framework/Versions/1.5.0/Classes/ui.jar:/System/Library/Frameworks/JavaVM.framework/Versions/1.5.0/Classes/laf.jar:/System/Library/Frameworks/JavaVM.framework/Versions/1.5.0/Classes/sunrsasign.jar:/System/Library/Frameworks/JavaVM.framework/Versions/1.5.0/Classes/jsse.jar:/System/Library/Frameworks/JavaVM.framework/Versions/1.5.0/Classes/jce.jar:/System/Library/Frameworks/JavaVM.framework/Versions/1.5.0/Classes/charsets.jar" />
    <property name="java.vendor" value="Apple Inc." />
    <property name="file.separator" value="/" />
    <property name="java.vendor.url.bug" value="http://bugreport.apple.com/" />
    <property name="sun.cpu.endian" value="little" />
    <property name="sun.io.unicode.encoding" value="UnicodeLittle" />
    <property name="mrj.version" value="1040.1.5.0_13-237" />
    <property name="socksNonProxyHosts" value="local|*.local|169.254/16|*.169.254/16" />
    <property name="ftp.nonProxyHosts" value="local|*.local|169.254/16|*.169.254/16" />
    <property name="sun.cpu.isalist" value="" />
  </properties>
  <testcase classname="itexto.odfeasy.spreadsheet.SpreadsheetDocumentTest" name="testSetSheet" time="4.801" />
  <system-out><![CDATA[setSheet
path:META-INF/manifest.xml
path:content.xml
path:styles.xml
]]></system-out>
  <system-err><![CDATA[]]></system-err>
</testsuite>
